<?xml version="1.0" encoding="UTF-8"?>
<!-- Generated by org.testng.reporters.JUnitReportReporter -->
<testsuite skipped="0" hostname="NOD-WIN-BS40" name="com.mpstrak.common.TestCase2" tests="5" failures="0" timestamp="22 Feb 2019 17:57:12 GMT" time="85.600" errors="0">
  <testcase name="usernamevalidation" time="10.870" classname="com.mpstrak.common.TestCase2"/>
  <testcase name="passvalidation" time="9.539" classname="com.mpstrak.common.TestCase2"/>
  <testcase name="invalidUP" time="9.317" classname="com.mpstrak.common.TestCase2"/>
  <testcase name="loginTestCase" time="14.452" classname="com.mpstrak.common.TestCase2"/>
  <testcase name="dashboardsearchAllJournalsRT" time="41.422" classname="com.mpstrak.common.TestCase2"/>
</testsuite> <!-- com.mpstrak.common.TestCase2 -->
