<?xml version="1.0" encoding="UTF-8"?>
<!-- Generated by org.testng.reporters.JUnitReportReporter -->
<testsuite skipped="0" hostname="NOD-WIN-BS40" name="com.mpstrak.common.TestCase2" tests="5" failures="0" timestamp="22 Feb 2019 18:11:36 GMT" time="81.087" errors="0">
  <testcase name="usernamevalidation" time="8.807" classname="com.mpstrak.common.TestCase2"/>
  <testcase name="passvalidation" time="9.738" classname="com.mpstrak.common.TestCase2"/>
  <testcase name="invalidUP" time="9.506" classname="com.mpstrak.common.TestCase2"/>
  <testcase name="loginTestCase" time="10.670" classname="com.mpstrak.common.TestCase2"/>
  <testcase name="dashboardsearchAllJournalsRT" time="42.366" classname="com.mpstrak.common.TestCase2"/>
</testsuite> <!-- com.mpstrak.common.TestCase2 -->
