<?xml version="1.0" encoding="UTF-8"?>
<!-- Generated by org.testng.reporters.JUnitReportReporter -->
<testsuite skipped="3" hostname="NOD-WIN-BS40" name="com.mpstrak.common.TestCase2" tests="5" failures="0" timestamp="22 Feb 2019 08:46:02 GMT" time="21.416" errors="0">
  <testcase name="loginTestCase" time="11.105" classname="com.mpstrak.common.TestCase2"/>
  <testcase name="dashboardsearchAllJournalsRT" time="10.311" classname="com.mpstrak.common.TestCase2"/>
  <testcase name="invalidUP" classname="com.mpstrak.common.TestCase2">
    <skipped/>
  </testcase> <!-- invalidUP -->
  <testcase name="passvalidation" classname="com.mpstrak.common.TestCase2">
    <skipped/>
  </testcase> <!-- passvalidation -->
  <testcase name="usernamevalidation" classname="com.mpstrak.common.TestCase2">
    <skipped/>
  </testcase> <!-- usernamevalidation -->
</testsuite> <!-- com.mpstrak.common.TestCase2 -->
