<?xml version="1.0" encoding="UTF-8"?>
<!-- Generated by org.testng.reporters.JUnitReportReporter -->
<testsuite skipped="3" hostname="NOD-WIN-BS40" name="com.mpstrak.common.TestCase2" tests="9" failures="0" timestamp="01 Mar 2019 11:49:24 GMT" time="71.858" errors="0">
  <testcase name="loginTestCase" time="13.089" classname="com.mpstrak.common.TestCase2"/>
  <testcase name="dashboardsearchAllJournalsRT" time="17.113" classname="com.mpstrak.common.TestCase2"/>
  <testcase name="dashBoardCurrentTaskArticleRT" time="9.529" classname="com.mpstrak.common.TestCase2"/>
  <testcase name="dashBoardJournalRT" time="13.770" classname="com.mpstrak.common.TestCase2"/>
  <testcase name="dashBoardCurrentTaskIssueRT" time="14.645" classname="com.mpstrak.common.TestCase2"/>
  <testcase name="dashBoardSaveSearchRT" time="3.712" classname="com.mpstrak.common.TestCase2"/>
  <testcase name="invalidUP" classname="com.mpstrak.common.TestCase2">
    <skipped/>
  </testcase> <!-- invalidUP -->
  <testcase name="passvalidation" classname="com.mpstrak.common.TestCase2">
    <skipped/>
  </testcase> <!-- passvalidation -->
  <testcase name="usernamevalidation" classname="com.mpstrak.common.TestCase2">
    <skipped/>
  </testcase> <!-- usernamevalidation -->
</testsuite> <!-- com.mpstrak.common.TestCase2 -->
